<?xml version="1.0" encoding="UTF-8"?>
<Site BuildName="(empty)"
	BuildStamp="20230810-0205-Experimental"
	Name="(empty)"
	Generator="ctest-3.14.6"
	CompilerName=""
	CompilerVersion=""
	OSName="Linux"
	Hostname="fisher"
	OSRelease="5.15.0-79-generic"
	OSVersion="#86~20.04.2-Ubuntu SMP Mon Jul 17 23:27:17 UTC 2023"
	OSPlatform="x86_64"
	Is64Bits="1"
	VendorString="AuthenticAMD"
	VendorID="Advanced Micro Devices"
	FamilyID="25"
	ModelID="80"
	ProcessorCacheSize="512"
	NumberOfLogicalCPU="16"
	NumberOfPhysicalCPU="8"
	TotalVirtualMemory="7812"
	TotalPhysicalMemory="13837"
	LogicalProcessorsPerPhysical="2"
	ProcessorClockFrequency="1300"
	>
	<Testing>
		<StartDateTime>Aug 10 10:05 CST</StartDateTime>
		<StartTestTime>1691633122</StartTestTime>
		<TestList/>
		<EndDateTime>Aug 10 10:05 CST</EndDateTime>
		<EndTestTime>1691633122</EndTestTime>
		<ElapsedMinutes>0</ElapsedMinutes>
	</Testing>
</Site>
